<?xml version="1.0" encoding="UTF-8"?>
<!-- Generated by org.testng.reporters.JUnitReportReporter -->
<testsuite hostname="Parag-PC" name="com_crm_qa_test.LoginPageTest" tests="3" failures="0" timestamp="26 Mar 2018 17:05:42 GMT" time="72.395" errors="0">
  <testcase name="crmLogoImageTest" time="21.219" classname="com_crm_qa_test.LoginPageTest"/>
  <testcase name="loginPageTitleTest" time="25.477" classname="com_crm_qa_test.LoginPageTest"/>
  <testcase name="loginTest" time="25.699" classname="com_crm_qa_test.LoginPageTest"/>
</testsuite> <!-- com_crm_qa_test.LoginPageTest -->
