<?xml version="1.0" encoding="UTF-8"?>
<!-- Generated by org.testng.reporters.JUnitReportReporter -->
<testsuite hostname="Parag-PC" name="com_naukari_qa_Test.LoginTest" tests="2" failures="0" timestamp="19 Mar 2018 18:21:06 GMT" time="3.455" errors="0">
  <testcase name="Logintest" time="1.113" classname="com_naukari_qa_Test.LoginTest"/>
  <testcase name="ClickonLogin" time="2.342" classname="com_naukari_qa_Test.LoginTest"/>
</testsuite> <!-- com_naukari_qa_Test.LoginTest -->
